2026-06-05 11:44:08,767 [INFO] pipeline_main.py:364 - ╔══════════════════════════════════════════════════╗
2026-06-05 11:44:08,768 [INFO] pipeline_main.py:365 - ║  招股书 PEVC 融资历史提取 Pipeline             ║
2026-06-05 11:44:08,768 [INFO] pipeline_main.py:366 - ║  Run ID: 20260605_114408                    ║
2026-06-05 11:44:08,768 [INFO] pipeline_main.py:367 - ╚══════════════════════════════════════════════════╝
2026-06-05 11:44:08,768 [INFO] logger_util.py:54 - 
==================================================
  ▶ Step 1: 按公司名分组MD文件
==================================================
2026-06-05 11:44:08,768 [INFO] pipeline_main.py:85 -   发现 8 家公司, 共 20 个MD文件
2026-06-05 11:44:08,768 [INFO] pipeline_main.py:87 -     三协电机: 2 文件 -> ['三协电机1.md', '三协电机2.md']
2026-06-05 11:44:08,768 [INFO] pipeline_main.py:87 -     三联锻造: 3 文件 -> ['三联锻造1.md', '三联锻造2.md', '三联锻造3.md']
2026-06-05 11:44:08,768 [INFO] pipeline_main.py:87 -     云汉芯城: 3 文件 -> ['云汉芯城1.md', '云汉芯城2.md', '云汉芯城3.md']
2026-06-05 11:44:08,768 [INFO] pipeline_main.py:87 -     友声股份: 2 文件 -> ['友声股份1.md', '友声股份2.md']
2026-06-05 11:44:08,768 [INFO] pipeline_main.py:87 -     影石创新: 3 文件 -> ['影石创新1.md', '影石创新2.md', '影石创新3.md']
2026-06-05 11:44:08,768 [INFO] pipeline_main.py:87 -     星空测控: 2 文件 -> ['星空测控1.md', '星空测控2.md']
2026-06-05 11:44:08,768 [INFO] pipeline_main.py:87 -     赛分科技: 3 文件 -> ['MinerU_markdown_赛分科技1md.md', 'MinerU_markdown_赛分科技2.md', 'MinerU_markdown_赛分科技3.md']
2026-06-05 11:44:08,768 [INFO] pipeline_main.py:87 -     黄山谷捷: 2 文件 -> ['黄山谷捷1.md', '黄山谷捷2.md']
2026-06-05 11:44:08,768 [INFO] logger_util.py:56 -   ✓ Step 1: 按公司名分组MD文件 完成
2026-06-05 11:44:08,768 [INFO] logger_util.py:54 - 
==================================================
  ▶ Step 2: 提取目录/章节标题
==================================================
2026-06-05 11:44:08,774 [INFO] pipeline_main.py:121 -   三协电机: 14 条目录
2026-06-05 11:44:08,779 [INFO] pipeline_main.py:121 -   三联锻造: 33 条目录
2026-06-05 11:44:08,784 [INFO] pipeline_main.py:121 -   云汉芯城: 37 条目录
2026-06-05 11:44:08,789 [INFO] pipeline_main.py:121 -   友声股份: 18 条目录
2026-06-05 11:44:08,794 [INFO] pipeline_main.py:121 -   影石创新: 14 条目录
2026-06-05 11:44:08,799 [INFO] pipeline_main.py:121 -   星空测控: 11 条目录
2026-06-05 11:44:08,804 [INFO] pipeline_main.py:121 -   赛分科技: 27 条目录
2026-06-05 11:44:08,808 [INFO] pipeline_main.py:121 -   黄山谷捷: 23 条目录
2026-06-05 11:44:08,808 [INFO] pipeline_main.py:137 -   目录汇总已保存: toc_summary_20260605_114408.md
2026-06-05 11:44:08,808 [INFO] logger_util.py:56 -   ✓ Step 2: 提取目录/章节标题 完成
2026-06-05 11:44:08,808 [INFO] logger_util.py:54 - 
==================================================
  ▶ Step 3+4: 定位融资历史章节 & 截取候选文本
==================================================
2026-06-05 11:44:08,819 [INFO] pipeline_main.py:180 -   三协电机: 14 个融资相关章节, 14 段候选文本
2026-06-05 11:44:08,829 [INFO] pipeline_main.py:180 -   三联锻造: 14 个融资相关章节, 14 段候选文本
2026-06-05 11:44:08,839 [INFO] pipeline_main.py:180 -   云汉芯城: 13 个融资相关章节, 13 段候选文本
2026-06-05 11:44:08,848 [INFO] pipeline_main.py:180 -   友声股份: 11 个融资相关章节, 11 段候选文本
2026-06-05 11:44:08,860 [INFO] pipeline_main.py:180 -   影石创新: 18 个融资相关章节, 18 段候选文本
2026-06-05 11:44:08,870 [INFO] pipeline_main.py:180 -   星空测控: 14 个融资相关章节, 14 段候选文本
2026-06-05 11:44:08,881 [INFO] pipeline_main.py:180 -   赛分科技: 17 个融资相关章节, 17 段候选文本
2026-06-05 11:44:08,889 [INFO] pipeline_main.py:180 -   黄山谷捷: 16 个融资相关章节, 16 段候选文本
2026-06-05 11:44:08,889 [INFO] logger_util.py:56 -   ✓ Step 3+4: 定位融资历史章节 & 截取候选文本 完成
2026-06-05 11:44:08,889 [INFO] logger_util.py:54 - 
==================================================
  ▶ Step 5: 保存候选文本
==================================================
2026-06-05 11:44:08,889 [INFO] pipeline_main.py:210 -   ✓ 三协电机: 候选文本 -> 三协电机_候选文本.md
2026-06-05 11:44:08,889 [INFO] pipeline_main.py:210 -   ✓ 三联锻造: 候选文本 -> 三联锻造_候选文本.md
2026-06-05 11:44:08,889 [INFO] pipeline_main.py:210 -   ✓ 云汉芯城: 候选文本 -> 云汉芯城_候选文本.md
2026-06-05 11:44:08,892 [INFO] pipeline_main.py:210 -   ✓ 友声股份: 候选文本 -> 友声股份_候选文本.md
2026-06-05 11:44:08,892 [INFO] pipeline_main.py:210 -   ✓ 影石创新: 候选文本 -> 影石创新_候选文本.md
2026-06-05 11:44:08,892 [INFO] pipeline_main.py:210 -   ✓ 星空测控: 候选文本 -> 星空测控_候选文本.md
2026-06-05 11:44:08,893 [INFO] pipeline_main.py:210 -   ✓ 赛分科技: 候选文本 -> 赛分科技_候选文本.md
2026-06-05 11:44:08,893 [INFO] pipeline_main.py:210 -   ✓ 黄山谷捷: 候选文本 -> 黄山谷捷_候选文本.md
2026-06-05 11:44:08,893 [INFO] logger_util.py:56 -   ✓ Step 5: 保存候选文本 完成
2026-06-05 11:44:08,893 [INFO] logger_util.py:54 - 
==================================================
  ▶ Step 6: 保存章节列表
==================================================
2026-06-05 11:44:08,893 [INFO] pipeline_main.py:238 -   ✓ 三协电机: 章节列表 -> 三协电机_章节列表.md
2026-06-05 11:44:08,893 [INFO] pipeline_main.py:238 -   ✓ 三联锻造: 章节列表 -> 三联锻造_章节列表.md
2026-06-05 11:44:08,893 [INFO] pipeline_main.py:238 -   ✓ 云汉芯城: 章节列表 -> 云汉芯城_章节列表.md
2026-06-05 11:44:08,893 [INFO] pipeline_main.py:238 -   ✓ 友声股份: 章节列表 -> 友声股份_章节列表.md
2026-06-05 11:44:08,894 [INFO] pipeline_main.py:238 -   ✓ 影石创新: 章节列表 -> 影石创新_章节列表.md
2026-06-05 11:44:08,894 [INFO] pipeline_main.py:238 -   ✓ 星空测控: 章节列表 -> 星空测控_章节列表.md
2026-06-05 11:44:08,894 [INFO] pipeline_main.py:238 -   ✓ 赛分科技: 章节列表 -> 赛分科技_章节列表.md
2026-06-05 11:44:08,894 [INFO] pipeline_main.py:238 -   ✓ 黄山谷捷: 章节列表 -> 黄山谷捷_章节列表.md
2026-06-05 11:44:08,894 [INFO] logger_util.py:56 -   ✓ Step 6: 保存章节列表 完成
2026-06-05 11:44:08,894 [INFO] logger_util.py:54 - 
==================================================
  ▶ Step 7: 校验JSON输出
==================================================
2026-06-05 11:44:08,895 [INFO] pipeline_main.py:290 -   PASS: 三联锻造 (5事件)
2026-06-05 11:44:08,895 [INFO] pipeline_main.py:290 -   PASS: 云汉芯城 (8事件)
2026-06-05 11:44:08,896 [INFO] pipeline_main.py:290 -   PASS: 影石创新 (4事件)
2026-06-05 11:44:08,896 [INFO] pipeline_main.py:290 -   PASS: 赛分科技 (3事件)
2026-06-05 11:44:08,896 [INFO] pipeline_main.py:290 -   PASS: 黄山谷捷 (6事件)
2026-06-05 11:44:08,896 [INFO] pipeline_main.py:315 -   校验报告: verify_report_20260605_114408.json
2026-06-05 11:44:08,896 [INFO] logger_util.py:56 -   ✓ Step 7: 校验JSON输出 完成
2026-06-05 11:44:08,896 [INFO] logger_util.py:54 - 
==================================================
  ▶ Step 8: 生成运行总报告
==================================================
2026-06-05 11:44:08,896 [INFO] pipeline_main.py:357 -   运行报告: run_report_20260605_114408.md
2026-06-05 11:44:08,897 [INFO] logger_util.py:65 - --- 统计信息 ---
2026-06-05 11:44:08,897 [INFO] logger_util.py:67 -   start_time: 2026-06-05T11:44:08.767920
2026-06-05 11:44:08,897 [INFO] logger_util.py:67 -   total_files: 20
2026-06-05 11:44:08,897 [INFO] logger_util.py:67 -   total_companies: 8
2026-06-05 11:44:08,897 [INFO] logger_util.py:67 -   financing_chapters_found: 117
2026-06-05 11:44:08,897 [INFO] logger_util.py:67 -   candidate_texts_extracted: 117
2026-06-05 11:44:08,897 [INFO] logger_util.py:67 -   json_outputs_created: 8
2026-06-05 11:44:08,897 [INFO] logger_util.py:67 -   errors: 0
2026-06-05 11:44:08,897 [INFO] logger_util.py:67 -   warnings: 0
2026-06-05 11:44:08,897 [INFO] logger_util.py:67 -   end_time: 2026-06-05T11:44:08.896860
2026-06-05 11:44:08,897 [INFO] logger_util.py:68 - ----------------
2026-06-05 11:44:08,897 [INFO] pipeline_main.py:393 - 
==================================================
2026-06-05 11:44:08,897 [INFO] pipeline_main.py:394 -   Pipeline 完成! 日志: /Users/zhaobingqing/Documents/GitHub/prospectus-pevc-project/logs/pipeline_20260605_114408.log
2026-06-05 11:44:08,897 [INFO] pipeline_main.py:395 -   错误日志: /Users/zhaobingqing/Documents/GitHub/prospectus-pevc-project/logs/errors_20260605_114408.log
2026-06-05 11:44:08,897 [INFO] pipeline_main.py:396 - ==================================================
